Line 110: Class MSForms.ListBox of control lstWC was not a loaded control class.
Line 127: Class MSForms.Label of control lblFrame2 was not a loaded control class.
Line 142: Class MSForms.ListBox of control lstWCoWord was not a loaded control class.
Line 175: Class MSForms.ListBox of control lstWord1 was not a loaded control class.
Line 193: Class MSForms.Label of control lblTongso was not a loaded control class.
Line 208: Class MSForms.ListBox of control lstType was not a loaded control class.
Line 231: Class MSForms.CommandButton of control cmdBoqua was not a loaded control class.
Line 245: Class MSForms.CommandButton of control cmdLuu was not a loaded control class.
Line 259: Class MSForms.CommandButton of control cmdDong was not a loaded control class.
Line 273: Class MSForms.CommandButton of control cmdSuadoi was not a loaded control class.
Line 287: Class MSForms.CommandButton of control cmdXoa was not a loaded control class.
Line 301: Class MSForms.CommandButton of control cmdTaomoi was not a loaded control class.
Line 315: Class MSForms.ListBox of control lstWord was not a loaded control class.
Line 332: Class MSForms.Label of control lblDSTu was not a loaded control class.
Line 345: Class MSForms.Label of control lblHelp was not a loaded control class.
Line 358: Class MSForms.TextBox of control txtWord was not a loaded control class.
Line 373: Class MSForms.Label of control lblFrame1 was not a loaded control class.
Line 388: Class MSForms.Label of control lblTu was not a loaded control class.
Line 402: Class MSForms.Label of control lblTitle was not a loaded control class.
Line 418: Class MSForms.Label of control lblHeader was not a loaded control class.
